# JRE version: OpenJDK Runtime Environment (8.0_242-b01) (build 1.8.0_242-release-1644-b01)
# Java VM: OpenJDK 64-Bit Server VM (25.242-b01 mixed mode windows-amd64 compressed oops)
Heap:
 PSYoungGen      total 75776K, used 69025K [0x00000000e0000000, 0x00000000e8d00000, 0x0000000100000000)
  eden space 65024K, 93% used [0x00000000e0000000,0x00000000e3b122c0,0x00000000e3f80000)
  from space 10752K, 79% used [0x00000000e3f80000,0x00000000e47d6360,0x00000000e4a00000)
  to   space 12800K, 0% used [0x00000000e8080000,0x00000000e8080000,0x00000000e8d00000)
 ParOldGen       total 84480K, used 7631K [0x00000000a0000000, 0x00000000a5280000, 0x00000000e0000000)
  object space 84480K, 9% used [0x00000000a0000000,0x00000000a0773c88,0x00000000a5280000)
 Metaspace       used 31959K, capacity 32672K, committed 33024K, reserved 1077248K
  class space    used 4379K, capacity 4577K, committed 4608K, reserved 1048576K
GC Heap History (10 events):
Event: 5.650 GC heap before
{Heap before GC invocations=2 (full 0):
 PSYoungGen      total 75776K, used 70920K [0x00000000e0000000, 0x00000000e5480000, 0x0000000100000000)
  eden space 65024K, 100% used [0x00000000e0000000,0x00000000e3f80000,0x00000000e3f80000)
  from space 10752K, 54% used [0x00000000e3f80000,0x00000000e45420a0,0x00000000e4a00000)
  to   space 10752K, 0% used [0x00000000e4a00000,0x00000000e4a00000,0x00000000e5480000)
 ParOldGen       total 173568K, used 8K [0x00000000a0000000, 0x00000000aa980000, 0x00000000e0000000)
  object space 173568K, 0% used [0x00000000a0000000,0x00000000a0002000,0x00000000aa980000)
 Metaspace       used 14539K, capacity 14960K, committed 15232K, reserved 1062912K
  class space    used 2006K, capacity 2132K, committed 2176K, reserved 1048576K
Event: 5.659 GC heap after
Heap after GC invocations=2 (full 0):
 PSYoungGen      total 75776K, used 9660K [0x00000000e0000000, 0x00000000e5480000, 0x0000000100000000)
  eden space 65024K, 0% used [0x00000000e0000000,0x00000000e0000000,0x00000000e3f80000)
  from space 10752K, 89% used [0x00000000e4a00000,0x00000000e536f0e8,0x00000000e5480000)
  to   space 10752K, 0% used [0x00000000e3f80000,0x00000000e3f80000,0x00000000e4a00000)
 ParOldGen       total 173568K, used 16K [0x00000000a0000000, 0x00000000aa980000, 0x00000000e0000000)
  object space 173568K, 0% used [0x00000000a0000000,0x00000000a0004000,0x00000000aa980000)
 Metaspace       used 14539K, capacity 14960K, committed 15232K, reserved 1062912K
  class space    used 2006K, capacity 2132K, committed 2176K, reserved 1048576K
}
Event: 6.450 GC heap before
{Heap before GC invocations=3 (full 0):
 PSYoungGen      total 75776K, used 74684K [0x00000000e0000000, 0x00000000e5480000, 0x0000000100000000)
  eden space 65024K, 100% used [0x00000000e0000000,0x00000000e3f80000,0x00000000e3f80000)
  from space 10752K, 89% used [0x00000000e4a00000,0x00000000e536f0e8,0x00000000e5480000)
  to   space 10752K, 0% used [0x00000000e3f80000,0x00000000e3f80000,0x00000000e4a00000)
 ParOldGen       total 173568K, used 16K [0x00000000a0000000, 0x00000000aa980000, 0x00000000e0000000)
  object space 173568K, 0% used [0x00000000a0000000,0x00000000a0004000,0x00000000aa980000)
 Metaspace       used 19866K, capacity 20442K, committed 20736K, reserved 1067008K
  class space    used 2874K, capacity 3037K, committed 3072K, reserved 1048576K
Event: 6.460 GC heap after
Heap after GC invocations=3 (full 0):
 PSYoungGen      total 75776K, used 10722K [0x00000000e0000000, 0x00000000e5480000, 0x0000000100000000)
  eden space 65024K, 0% used [0x00000000e0000000,0x00000000e0000000,0x00000000e3f80000)
  from space 10752K, 99% used [0x00000000e3f80000,0x00000000e49f8a90,0x00000000e4a00000)
  to   space 10752K, 0% used [0x00000000e4a00000,0x00000000e4a00000,0x00000000e5480000)
 ParOldGen       total 173568K, used 1299K [0x00000000a0000000, 0x00000000aa980000, 0x00000000e0000000)
  object space 173568K, 0% used [0x00000000a0000000,0x00000000a0144ec0,0x00000000aa980000)
 Metaspace       used 19866K, capacity 20442K, committed 20736K, reserved 1067008K
  class space    used 2874K, capacity 3037K, committed 3072K, reserved 1048576K
}
Event: 6.527 GC heap before
{Heap before GC invocations=4 (full 0):
 PSYoungGen      total 75776K, used 16399K [0x00000000e0000000, 0x00000000e5480000, 0x0000000100000000)
  eden space 65024K, 8% used [0x00000000e0000000,0x00000000e058b450,0x00000000e3f80000)
  from space 10752K, 99% used [0x00000000e3f80000,0x00000000e49f8a90,0x00000000e4a00000)
  to   space 10752K, 0% used [0x00000000e4a00000,0x00000000e4a00000,0x00000000e5480000)
 ParOldGen       total 173568K, used 1299K [0x00000000a0000000, 0x00000000aa980000, 0x00000000e0000000)
  object space 173568K, 0% used [0x00000000a0000000,0x00000000a0144ec0,0x00000000aa980000)
 Metaspace       used 20599K, capacity 21120K, committed 21296K, reserved 1067008K
  class space    used 2963K, capacity 3134K, committed 3200K, reserved 1048576K
Event: 6.533 GC heap after
Heap after GC invocations=4 (full 0):
 PSYoungGen      total 75776K, used 7887K [0x00000000e0000000, 0x00000000e9400000, 0x0000000100000000)
  eden space 65024K, 0% used [0x00000000e0000000,0x00000000e0000000,0x00000000e3f80000)
  from space 10752K, 73% used [0x00000000e4a00000,0x00000000e51b3cb0,0x00000000e5480000)
  to   space 10752K, 0% used [0x00000000e3f80000,0x00000000e3f80000,0x00000000e4a00000)
 ParOldGen       total 173568K, used 1307K [0x00000000a0000000, 0x00000000aa980000, 0x00000000e0000000)
  object space 173568K, 0% used [0x00000000a0000000,0x00000000a0146ec0,0x00000000aa980000)
 Metaspace       used 20599K, capacity 21120K, committed 21296K, reserved 1067008K
  class space    used 2963K, capacity 3134K, committed 3200K, reserved 1048576K
}
Event: 6.533 GC heap before
{Heap before GC invocations=5 (full 1):
 PSYoungGen      total 75776K, used 7887K [0x00000000e0000000, 0x00000000e9400000, 0x0000000100000000)
  eden space 65024K, 0% used [0x00000000e0000000,0x00000000e0000000,0x00000000e3f80000)
  from space 10752K, 73% used [0x00000000e4a00000,0x00000000e51b3cb0,0x00000000e5480000)
  to   space 10752K, 0% used [0x00000000e3f80000,0x00000000e3f80000,0x00000000e4a00000)
 ParOldGen       total 173568K, used 1307K [0x00000000a0000000, 0x00000000aa980000, 0x00000000e0000000)
  object space 173568K, 0% used [0x00000000a0000000,0x00000000a0146ec0,0x00000000aa980000)
 Metaspace       used 20599K, capacity 21120K, committed 21296K, reserved 1067008K
  class space    used 2963K, capacity 3134K, committed 3200K, reserved 1048576K
Event: 6.562 GC heap after
Heap after GC invocations=5 (full 1):
 PSYoungGen      total 75776K, used 0K [0x00000000e0000000, 0x00000000e9400000, 0x0000000100000000)
  eden space 65024K, 0% used [0x00000000e0000000,0x00000000e0000000,0x00000000e3f80000)
  from space 10752K, 0% used [0x00000000e4a00000,0x00000000e4a00000,0x00000000e5480000)
  to   space 10752K, 0% used [0x00000000e3f80000,0x00000000e3f80000,0x00000000e4a00000)
 ParOldGen       total 84480K, used 7623K [0x00000000a0000000, 0x00000000a5280000, 0x00000000e0000000)
  object space 84480K, 9% used [0x00000000a0000000,0x00000000a0771c88,0x00000000a5280000)
 Metaspace       used 20599K, capacity 21120K, committed 21296K, reserved 1067008K
  class space    used 2963K, capacity 3134K, committed 3200K, reserved 1048576K
}
Event: 7.348 GC heap before
{Heap before GC invocations=6 (full 1):
 PSYoungGen      total 75776K, used 64987K [0x00000000e0000000, 0x00000000e9400000, 0x0000000100000000)
  eden space 65024K, 99% used [0x00000000e0000000,0x00000000e3f76d68,0x00000000e3f80000)
  from space 10752K, 0% used [0x00000000e4a00000,0x00000000e4a00000,0x00000000e5480000)
  to   space 10752K, 0% used [0x00000000e3f80000,0x00000000e3f80000,0x00000000e4a00000)
 ParOldGen       total 84480K, used 7623K [0x00000000a0000000, 0x00000000a5280000, 0x00000000e0000000)
  object space 84480K, 9% used [0x00000000a0000000,0x00000000a0771c88,0x00000000a5280000)
 Metaspace       used 28708K, capacity 29308K, committed 29568K, reserved 1075200K
  class space    used 3928K, capacity 4117K, committed 4224K, reserved 1048576K
Event: 7.354 GC heap after
Heap after GC invocations=6 (full 1):
 PSYoungGen      total 75776K, used 8536K [0x00000000e0000000, 0x00000000e8d00000, 0x0000000100000000)
  eden space 65024K, 0% used [0x00000000e0000000,0x00000000e0000000,0x00000000e3f80000)
  from space 10752K, 79% used [0x00000000e3f80000,0x00000000e47d6360,0x00000000e4a00000)
  to   space 12800K, 0% used [0x00000000e8080000,0x00000000e8080000,0x00000000e8d00000)
 ParOldGen       total 84480K, used 7631K [0x00000000a0000000, 0x00000000a5280000, 0x00000000e0000000)
  object space 84480K, 9% used [0x00000000a0000000,0x00000000a0773c88,0x00000000a5280000)
 Metaspace       used 28708K, capacity 29308K, committed 29568K, reserved 1075200K
  class space    used 3928K, capacity 4117K, committed 4224K, reserved 1048576K
}

