# JRE version: OpenJDK Runtime Environment (8.0_242-b01) (build 1.8.0_242-release-1644-b01)
# Java VM: OpenJDK 64-Bit Server VM (25.242-b01 mixed mode windows-amd64 compressed oops)
Heap:
 PSYoungGen      total 307200K, used 92309K [0x00000000e0000000, 0x00000000f6080000, 0x0000000100000000)
  eden space 270336K, 31% used [0x00000000e0000000,0x00000000e52f7e00,0x00000000f0800000)
  from space 36864K, 19% used [0x00000000f2f00000,0x00000000f362d8d0,0x00000000f5300000)
  to   space 39936K, 0% used [0x00000000f0800000,0x00000000f0800000,0x00000000f2f00000)
 ParOldGen       total 206848K, used 133276K [0x00000000a0000000, 0x00000000aca00000, 0x00000000e0000000)
  object space 206848K, 64% used [0x00000000a0000000,0x00000000a8227078,0x00000000aca00000)
 Metaspace       used 75710K, capacity 79612K, committed 79912K, reserved 1118208K
  class space    used 10290K, capacity 11000K, committed 11048K, reserved 1048576K
GC Heap History (10 events):
Event: 18.394 GC heap before
{Heap before GC invocations=19 (full 3):
 PSYoungGen      total 310272K, used 285357K [0x00000000e0000000, 0x00000000f6080000, 0x0000000100000000)
  eden space 270336K, 100% used [0x00000000e0000000,0x00000000f0800000,0x00000000f0800000)
  from space 39936K, 37% used [0x00000000f0800000,0x00000000f16ab5b0,0x00000000f2f00000)
  to   space 36864K, 0% used [0x00000000f2f00000,0x00000000f2f00000,0x00000000f5300000)
 ParOldGen       total 206848K, used 110329K [0x00000000a0000000, 0x00000000aca00000, 0x00000000e0000000)
  object space 206848K, 53% used [0x00000000a0000000,0x00000000a6bbe5f0,0x00000000aca00000)
 Metaspace       used 75539K, capacity 79358K, committed 79656K, reserved 1118208K
  class space    used 10289K, capacity 10997K, committed 11048K, reserved 1048576K
Event: 18.411 GC heap after
Heap after GC invocations=19 (full 3):
 PSYoungGen      total 307200K, used 7473K [0x00000000e0000000, 0x00000000f6080000, 0x0000000100000000)
  eden space 270336K, 0% used [0x00000000e0000000,0x00000000e0000000,0x00000000f0800000)
  from space 36864K, 20% used [0x00000000f2f00000,0x00000000f364c490,0x00000000f5300000)
  to   space 39936K, 0% used [0x00000000f0800000,0x00000000f0800000,0x00000000f2f00000)
 ParOldGen       total 206848K, used 119339K [0x00000000a0000000, 0x00000000aca00000, 0x00000000e0000000)
  object space 206848K, 57% used [0x00000000a0000000,0x00000000a748afb0,0x00000000aca00000)
 Metaspace       used 75539K, capacity 79358K, committed 79656K, reserved 1118208K
  class space    used 10289K, capacity 10997K, committed 11048K, reserved 1048576K
}
Event: 18.920 GC heap before
{Heap before GC invocations=20 (full 3):
 PSYoungGen      total 307200K, used 277809K [0x00000000e0000000, 0x00000000f6080000, 0x0000000100000000)
  eden space 270336K, 100% used [0x00000000e0000000,0x00000000f0800000,0x00000000f0800000)
  from space 36864K, 20% used [0x00000000f2f00000,0x00000000f364c490,0x00000000f5300000)
  to   space 39936K, 0% used [0x00000000f0800000,0x00000000f0800000,0x00000000f2f00000)
 ParOldGen       total 206848K, used 119339K [0x00000000a0000000, 0x00000000aca00000, 0x00000000e0000000)
  object space 206848K, 57% used [0x00000000a0000000,0x00000000a748afb0,0x00000000aca00000)
 Metaspace       used 75594K, capacity 79506K, committed 79656K, reserved 1118208K
  class space    used 10290K, capacity 10999K, committed 11048K, reserved 1048576K
Event: 18.936 GC heap after
Heap after GC invocations=20 (full 3):
 PSYoungGen      total 310272K, used 4280K [0x00000000e0000000, 0x00000000f6080000, 0x0000000100000000)
  eden space 270336K, 0% used [0x00000000e0000000,0x00000000e0000000,0x00000000f0800000)
  from space 39936K, 10% used [0x00000000f0800000,0x00000000f0c2e108,0x00000000f2f00000)
  to   space 36864K, 0% used [0x00000000f2f00000,0x00000000f2f00000,0x00000000f5300000)
 ParOldGen       total 206848K, used 125292K [0x00000000a0000000, 0x00000000aca00000, 0x00000000e0000000)
  object space 206848K, 60% used [0x00000000a0000000,0x00000000a7a5b0d8,0x00000000aca00000)
 Metaspace       used 75594K, capacity 79506K, committed 79656K, reserved 1118208K
  class space    used 10290K, capacity 10999K, committed 11048K, reserved 1048576K
}
Event: 19.344 GC heap before
{Heap before GC invocations=21 (full 3):
 PSYoungGen      total 310272K, used 274616K [0x00000000e0000000, 0x00000000f6080000, 0x0000000100000000)
  eden space 270336K, 100% used [0x00000000e0000000,0x00000000f0800000,0x00000000f0800000)
  from space 39936K, 10% used [0x00000000f0800000,0x00000000f0c2e108,0x00000000f2f00000)
  to   space 36864K, 0% used [0x00000000f2f00000,0x00000000f2f00000,0x00000000f5300000)
 ParOldGen       total 206848K, used 125292K [0x00000000a0000000, 0x00000000aca00000, 0x00000000e0000000)
  object space 206848K, 60% used [0x00000000a0000000,0x00000000a7a5b0d8,0x00000000aca00000)
 Metaspace       used 75640K, capacity 79528K, committed 79656K, reserved 1118208K
  class space    used 10290K, capacity 11000K, committed 11048K, reserved 1048576K
Event: 19.354 GC heap after
Heap after GC invocations=21 (full 3):
 PSYoungGen      total 307200K, used 4530K [0x00000000e0000000, 0x00000000f6080000, 0x0000000100000000)
  eden space 270336K, 0% used [0x00000000e0000000,0x00000000e0000000,0x00000000f0800000)
  from space 36864K, 12% used [0x00000000f2f00000,0x00000000f336c9a0,0x00000000f5300000)
  to   space 39936K, 0% used [0x00000000f0800000,0x00000000f0800000,0x00000000f2f00000)
 ParOldGen       total 206848K, used 127439K [0x00000000a0000000, 0x00000000aca00000, 0x00000000e0000000)
  object space 206848K, 61% used [0x00000000a0000000,0x00000000a7c73dc0,0x00000000aca00000)
 Metaspace       used 75640K, capacity 79528K, committed 79656K, reserved 1118208K
  class space    used 10290K, capacity 11000K, committed 11048K, reserved 1048576K
}
Event: 19.756 GC heap before
{Heap before GC invocations=22 (full 3):
 PSYoungGen      total 307200K, used 274866K [0x00000000e0000000, 0x00000000f6080000, 0x0000000100000000)
  eden space 270336K, 100% used [0x00000000e0000000,0x00000000f0800000,0x00000000f0800000)
  from space 36864K, 12% used [0x00000000f2f00000,0x00000000f336c9a0,0x00000000f5300000)
  to   space 39936K, 0% used [0x00000000f0800000,0x00000000f0800000,0x00000000f2f00000)
 ParOldGen       total 206848K, used 127439K [0x00000000a0000000, 0x00000000aca00000, 0x00000000e0000000)
  object space 206848K, 61% used [0x00000000a0000000,0x00000000a7c73dc0,0x00000000aca00000)
 Metaspace       used 75662K, capacity 79540K, committed 79656K, reserved 1118208K
  class space    used 10290K, capacity 11000K, committed 11048K, reserved 1048576K
Event: 19.775 GC heap after
Heap after GC invocations=22 (full 3):
 PSYoungGen      total 310272K, used 3347K [0x00000000e0000000, 0x00000000f6080000, 0x0000000100000000)
  eden space 270336K, 0% used [0x00000000e0000000,0x00000000e0000000,0x00000000f0800000)
  from space 39936K, 8% used [0x00000000f0800000,0x00000000f0b44f68,0x00000000f2f00000)
  to   space 36864K, 0% used [0x00000000f2f00000,0x00000000f2f00000,0x00000000f5300000)
 ParOldGen       total 206848K, used 130844K [0x00000000a0000000, 0x00000000aca00000, 0x00000000e0000000)
  object space 206848K, 63% used [0x00000000a0000000,0x00000000a7fc7058,0x00000000aca00000)
 Metaspace       used 75662K, capacity 79540K, committed 79656K, reserved 1118208K
  class space    used 10290K, capacity 11000K, committed 11048K, reserved 1048576K
}
Event: 20.230 GC heap before
{Heap before GC invocations=23 (full 3):
 PSYoungGen      total 310272K, used 273683K [0x00000000e0000000, 0x00000000f6080000, 0x0000000100000000)
  eden space 270336K, 100% used [0x00000000e0000000,0x00000000f0800000,0x00000000f0800000)
  from space 39936K, 8% used [0x00000000f0800000,0x00000000f0b44f68,0x00000000f2f00000)
  to   space 36864K, 0% used [0x00000000f2f00000,0x00000000f2f00000,0x00000000f5300000)
 ParOldGen       total 206848K, used 130844K [0x00000000a0000000, 0x00000000aca00000, 0x00000000e0000000)
  object space 206848K, 63% used [0x00000000a0000000,0x00000000a7fc7058,0x00000000aca00000)
 Metaspace       used 75688K, capacity 79608K, committed 79656K, reserved 1118208K
  class space    used 10290K, capacity 11000K, committed 11048K, reserved 1048576K
Event: 20.243 GC heap after
Heap after GC invocations=23 (full 3):
 PSYoungGen      total 307200K, used 7350K [0x00000000e0000000, 0x00000000f6080000, 0x0000000100000000)
  eden space 270336K, 0% used [0x00000000e0000000,0x00000000e0000000,0x00000000f0800000)
  from space 36864K, 19% used [0x00000000f2f00000,0x00000000f362d8d0,0x00000000f5300000)
  to   space 39936K, 0% used [0x00000000f0800000,0x00000000f0800000,0x00000000f2f00000)
 ParOldGen       total 206848K, used 133276K [0x00000000a0000000, 0x00000000aca00000, 0x00000000e0000000)
  object space 206848K, 64% used [0x00000000a0000000,0x00000000a8227078,0x00000000aca00000)
 Metaspace       used 75688K, capacity 79608K, committed 79656K, reserved 1118208K
  class space    used 10290K, capacity 11000K, committed 11048K, reserved 1048576K
}

