# JRE version: OpenJDK Runtime Environment (8.0_242-b01) (build 1.8.0_242-release-1644-b01)
# Java VM: OpenJDK 64-Bit Server VM (25.242-b01 mixed mode windows-amd64 compressed oops)
Heap:
 PSYoungGen      total 132608K, used 99944K [0x00000000e0000000, 0x00000000eee00000, 0x0000000100000000)
  eden space 120320K, 83% used [0x00000000e0000000,0x00000000e619a108,0x00000000e7580000)
  from space 12288K, 0% used [0x00000000e7580000,0x00000000e7580000,0x00000000e8180000)
  to   space 12288K, 0% used [0x00000000ee200000,0x00000000ee200000,0x00000000eee00000)
 ParOldGen       total 116224K, used 16358K [0x00000000a0000000, 0x00000000a7180000, 0x00000000e0000000)
  object space 116224K, 14% used [0x00000000a0000000,0x00000000a0ff98a0,0x00000000a7180000)
 Metaspace       used 43384K, capacity 44630K, committed 44928K, reserved 1087488K
  class space    used 5857K, capacity 6169K, committed 6272K, reserved 1048576K
GC Heap History (10 events):
Event: 8.394 GC heap before
{Heap before GC invocations=5 (full 1):
 PSYoungGen      total 75776K, used 7791K [0x00000000e0000000, 0x00000000e9400000, 0x0000000100000000)
  eden space 65024K, 0% used [0x00000000e0000000,0x00000000e0000000,0x00000000e3f80000)
  from space 10752K, 72% used [0x00000000e4a00000,0x00000000e519bcb0,0x00000000e5480000)
  to   space 10752K, 0% used [0x00000000e3f80000,0x00000000e3f80000,0x00000000e4a00000)
 ParOldGen       total 173568K, used 1467K [0x00000000a0000000, 0x00000000aa980000, 0x00000000e0000000)
  object space 173568K, 0% used [0x00000000a0000000,0x00000000a016edd8,0x00000000aa980000)
 Metaspace       used 20616K, capacity 21120K, committed 21296K, reserved 1067008K
  class space    used 2965K, capacity 3134K, committed 3200K, reserved 1048576K
Event: 8.434 GC heap after
Heap after GC invocations=5 (full 1):
 PSYoungGen      total 75776K, used 0K [0x00000000e0000000, 0x00000000e9400000, 0x0000000100000000)
  eden space 65024K, 0% used [0x00000000e0000000,0x00000000e0000000,0x00000000e3f80000)
  from space 10752K, 0% used [0x00000000e4a00000,0x00000000e4a00000,0x00000000e5480000)
  to   space 10752K, 0% used [0x00000000e3f80000,0x00000000e3f80000,0x00000000e4a00000)
 ParOldGen       total 81920K, used 7607K [0x00000000a0000000, 0x00000000a5000000, 0x00000000e0000000)
  object space 81920K, 9% used [0x00000000a0000000,0x00000000a076ddc0,0x00000000a5000000)
 Metaspace       used 20616K, capacity 21120K, committed 21296K, reserved 1067008K
  class space    used 2965K, capacity 3134K, committed 3200K, reserved 1048576K
}
Event: 9.544 GC heap before
{Heap before GC invocations=6 (full 1):
 PSYoungGen      total 75776K, used 65024K [0x00000000e0000000, 0x00000000e9400000, 0x0000000100000000)
  eden space 65024K, 100% used [0x00000000e0000000,0x00000000e3f80000,0x00000000e3f80000)
  from space 10752K, 0% used [0x00000000e4a00000,0x00000000e4a00000,0x00000000e5480000)
  to   space 10752K, 0% used [0x00000000e3f80000,0x00000000e3f80000,0x00000000e4a00000)
 ParOldGen       total 81920K, used 7607K [0x00000000a0000000, 0x00000000a5000000, 0x00000000e0000000)
  object space 81920K, 9% used [0x00000000a0000000,0x00000000a076ddc0,0x00000000a5000000)
 Metaspace       used 29152K, capacity 29750K, committed 30080K, reserved 1075200K
  class space    used 3922K, capacity 4104K, committed 4224K, reserved 1048576K
Event: 9.551 GC heap after
Heap after GC invocations=6 (full 1):
 PSYoungGen      total 75776K, used 8330K [0x00000000e0000000, 0x00000000e8f00000, 0x0000000100000000)
  eden space 65024K, 0% used [0x00000000e0000000,0x00000000e0000000,0x00000000e3f80000)
  from space 10752K, 77% used [0x00000000e3f80000,0x00000000e47a2820,0x00000000e4a00000)
  to   space 12800K, 0% used [0x00000000e8280000,0x00000000e8280000,0x00000000e8f00000)
 ParOldGen       total 81920K, used 7615K [0x00000000a0000000, 0x00000000a5000000, 0x00000000e0000000)
  object space 81920K, 9% used [0x00000000a0000000,0x00000000a076fdc0,0x00000000a5000000)
 Metaspace       used 29152K, capacity 29750K, committed 30080K, reserved 1075200K
  class space    used 3922K, capacity 4104K, committed 4224K, reserved 1048576K
}
Event: 10.450 GC heap before
{Heap before GC invocations=7 (full 1):
 PSYoungGen      total 75776K, used 73354K [0x00000000e0000000, 0x00000000e8f00000, 0x0000000100000000)
  eden space 65024K, 100% used [0x00000000e0000000,0x00000000e3f80000,0x00000000e3f80000)
  from space 10752K, 77% used [0x00000000e3f80000,0x00000000e47a2820,0x00000000e4a00000)
  to   space 12800K, 0% used [0x00000000e8280000,0x00000000e8280000,0x00000000e8f00000)
 ParOldGen       total 81920K, used 7615K [0x00000000a0000000, 0x00000000a5000000, 0x00000000e0000000)
  object space 81920K, 9% used [0x00000000a0000000,0x00000000a076fdc0,0x00000000a5000000)
 Metaspace       used 32055K, capacity 32730K, committed 33024K, reserved 1077248K
  class space    used 4383K, capacity 4564K, committed 4608K, reserved 1048576K
Event: 10.465 GC heap after
Heap after GC invocations=7 (full 1):
 PSYoungGen      total 131584K, used 8862K [0x00000000e0000000, 0x00000000e8d80000, 0x0000000100000000)
  eden space 120320K, 0% used [0x00000000e0000000,0x00000000e0000000,0x00000000e7580000)
  from space 11264K, 78% used [0x00000000e8280000,0x00000000e8b27830,0x00000000e8d80000)
  to   space 12288K, 0% used [0x00000000e7580000,0x00000000e7580000,0x00000000e8180000)
 ParOldGen       total 81920K, used 7623K [0x00000000a0000000, 0x00000000a5000000, 0x00000000e0000000)
  object space 81920K, 9% used [0x00000000a0000000,0x00000000a0771dc0,0x00000000a5000000)
 Metaspace       used 32055K, capacity 32730K, committed 33024K, reserved 1077248K
  class space    used 4383K, capacity 4564K, committed 4608K, reserved 1048576K
}
Event: 11.632 GC heap before
{Heap before GC invocations=8 (full 1):
 PSYoungGen      total 131584K, used 61456K [0x00000000e0000000, 0x00000000e8d80000, 0x0000000100000000)
  eden space 120320K, 43% used [0x00000000e0000000,0x00000000e335ca30,0x00000000e7580000)
  from space 11264K, 78% used [0x00000000e8280000,0x00000000e8b27830,0x00000000e8d80000)
  to   space 12288K, 0% used [0x00000000e7580000,0x00000000e7580000,0x00000000e8180000)
 ParOldGen       total 81920K, used 7623K [0x00000000a0000000, 0x00000000a5000000, 0x00000000e0000000)
  object space 81920K, 9% used [0x00000000a0000000,0x00000000a0771dc0,0x00000000a5000000)
 Metaspace       used 34500K, capacity 35406K, committed 35456K, reserved 1079296K
  class space    used 4726K, capacity 4964K, committed 4992K, reserved 1048576K
Event: 11.643 GC heap after
Heap after GC invocations=8 (full 1):
 PSYoungGen      total 132608K, used 9570K [0x00000000e0000000, 0x00000000eee00000, 0x0000000100000000)
  eden space 120320K, 0% used [0x00000000e0000000,0x00000000e0000000,0x00000000e7580000)
  from space 12288K, 77% used [0x00000000e7580000,0x00000000e7ed8890,0x00000000e8180000)
  to   space 12288K, 0% used [0x00000000ee200000,0x00000000ee200000,0x00000000eee00000)
 ParOldGen       total 81920K, used 7631K [0x00000000a0000000, 0x00000000a5000000, 0x00000000e0000000)
  object space 81920K, 9% used [0x00000000a0000000,0x00000000a0773dc0,0x00000000a5000000)
 Metaspace       used 34500K, capacity 35406K, committed 35456K, reserved 1079296K
  class space    used 4726K, capacity 4964K, committed 4992K, reserved 1048576K
}
Event: 11.643 GC heap before
{Heap before GC invocations=9 (full 2):
 PSYoungGen      total 132608K, used 9570K [0x00000000e0000000, 0x00000000eee00000, 0x0000000100000000)
  eden space 120320K, 0% used [0x00000000e0000000,0x00000000e0000000,0x00000000e7580000)
  from space 12288K, 77% used [0x00000000e7580000,0x00000000e7ed8890,0x00000000e8180000)
  to   space 12288K, 0% used [0x00000000ee200000,0x00000000ee200000,0x00000000eee00000)
 ParOldGen       total 81920K, used 7631K [0x00000000a0000000, 0x00000000a5000000, 0x00000000e0000000)
  object space 81920K, 9% used [0x00000000a0000000,0x00000000a0773dc0,0x00000000a5000000)
 Metaspace       used 34500K, capacity 35406K, committed 35456K, reserved 1079296K
  class space    used 4726K, capacity 4964K, committed 4992K, reserved 1048576K
Event: 11.703 GC heap after
Heap after GC invocations=9 (full 2):
 PSYoungGen      total 132608K, used 0K [0x00000000e0000000, 0x00000000eee00000, 0x0000000100000000)
  eden space 120320K, 0% used [0x00000000e0000000,0x00000000e0000000,0x00000000e7580000)
  from space 12288K, 0% used [0x00000000e7580000,0x00000000e7580000,0x00000000e8180000)
  to   space 12288K, 0% used [0x00000000ee200000,0x00000000ee200000,0x00000000eee00000)
 ParOldGen       total 116224K, used 16358K [0x00000000a0000000, 0x00000000a7180000, 0x00000000e0000000)
  object space 116224K, 14% used [0x00000000a0000000,0x00000000a0ff98a0,0x00000000a7180000)
 Metaspace       used 34482K, capacity 35346K, committed 35456K, reserved 1079296K
  class space    used 4720K, capacity 4954K, committed 4992K, reserved 1048576K
}

