# JRE version: OpenJDK Runtime Environment (8.0_242-b01) (build 1.8.0_242-release-1644-b01)
# Java VM: OpenJDK 64-Bit Server VM (25.242-b01 mixed mode windows-amd64 compressed oops)
Heap:
 PSYoungGen      total 434176K, used 203687K [0x00000000e0000000, 0x00000000fd100000, 0x0000000100000000)
  eden space 397824K, 47% used [0x00000000e0000000,0x00000000eb8897d0,0x00000000f8480000)
  from space 36352K, 40% used [0x00000000f8480000,0x00000000f92e0518,0x00000000fa800000)
  to   space 38400K, 0% used [0x00000000fa800000,0x00000000fa800000,0x00000000fcd80000)
 ParOldGen       total 203264K, used 59389K [0x00000000a0000000, 0x00000000ac680000, 0x00000000e0000000)
  object space 203264K, 29% used [0x00000000a0000000,0x00000000a39ff4e8,0x00000000ac680000)
 Metaspace       used 102455K, capacity 107940K, committed 108200K, reserved 1142784K
  class space    used 13184K, capacity 14164K, committed 14248K, reserved 1048576K
GC Heap History (10 events):
Event: 2100.512 GC heap before
{Heap before GC invocations=21 (full 3):
 PSYoungGen      total 348672K, used 342851K [0x00000000e0000000, 0x00000000fa380000, 0x0000000100000000)
  eden space 316928K, 100% used [0x00000000e0000000,0x00000000f3580000,0x00000000f3580000)
  from space 31744K, 81% used [0x00000000f3580000,0x00000000f4ed0f18,0x00000000f5480000)
  to   space 33792K, 0% used [0x00000000f8280000,0x00000000f8280000,0x00000000fa380000)
 ParOldGen       total 203264K, used 61699K [0x00000000a0000000, 0x00000000ac680000, 0x00000000e0000000)
  object space 203264K, 30% used [0x00000000a0000000,0x00000000a3c40c18,0x00000000ac680000)
 Metaspace       used 90481K, capacity 95410K, committed 95656K, reserved 1132544K
  class space    used 11679K, capacity 12699K, committed 12712K, reserved 1048576K
Event: 2100.544 GC heap after
Heap after GC invocations=21 (full 3):
 PSYoungGen      total 390144K, used 33777K [0x00000000e0000000, 0x00000000fa980000, 0x0000000100000000)
  eden space 356352K, 0% used [0x00000000e0000000,0x00000000e0000000,0x00000000f5c00000)
  from space 33792K, 99% used [0x00000000f8280000,0x00000000fa37c580,0x00000000fa380000)
  to   space 39424K, 0% used [0x00000000f5c00000,0x00000000f5c00000,0x00000000f8280000)
 ParOldGen       total 203264K, used 63766K [0x00000000a0000000, 0x00000000ac680000, 0x00000000e0000000)
  object space 203264K, 31% used [0x00000000a0000000,0x00000000a3e45a48,0x00000000ac680000)
 Metaspace       used 90481K, capacity 95410K, committed 95656K, reserved 1132544K
  class space    used 11679K, capacity 12699K, committed 12712K, reserved 1048576K
}
Event: 2104.763 GC heap before
{Heap before GC invocations=22 (full 3):
 PSYoungGen      total 390144K, used 193676K [0x00000000e0000000, 0x00000000fa980000, 0x0000000100000000)
  eden space 356352K, 44% used [0x00000000e0000000,0x00000000e9c26cf0,0x00000000f5c00000)
  from space 33792K, 99% used [0x00000000f8280000,0x00000000fa37c580,0x00000000fa380000)
  to   space 39424K, 0% used [0x00000000f5c00000,0x00000000f5c00000,0x00000000f8280000)
 ParOldGen       total 203264K, used 63766K [0x00000000a0000000, 0x00000000ac680000, 0x00000000e0000000)
  object space 203264K, 31% used [0x00000000a0000000,0x00000000a3e45a48,0x00000000ac680000)
 Metaspace       used 93573K, capacity 98526K, committed 98600K, reserved 1134592K
  class space    used 12069K, capacity 13037K, committed 13096K, reserved 1048576K
Event: 2104.785 GC heap after
Heap after GC invocations=22 (full 3):
 PSYoungGen      total 395776K, used 21118K [0x00000000e0000000, 0x00000000fcd80000, 0x0000000100000000)
  eden space 356352K, 0% used [0x00000000e0000000,0x00000000e0000000,0x00000000f5c00000)
  from space 39424K, 53% used [0x00000000f5c00000,0x00000000f709f838,0x00000000f8280000)
  to   space 38400K, 0% used [0x00000000fa800000,0x00000000fa800000,0x00000000fcd80000)
 ParOldGen       total 203264K, used 66334K [0x00000000a0000000, 0x00000000ac680000, 0x00000000e0000000)
  object space 203264K, 32% used [0x00000000a0000000,0x00000000a40c7be8,0x00000000ac680000)
 Metaspace       used 93573K, capacity 98526K, committed 98600K, reserved 1134592K
  class space    used 12069K, capacity 13037K, committed 13096K, reserved 1048576K
}
Event: 2104.785 GC heap before
{Heap before GC invocations=23 (full 4):
 PSYoungGen      total 395776K, used 21118K [0x00000000e0000000, 0x00000000fcd80000, 0x0000000100000000)
  eden space 356352K, 0% used [0x00000000e0000000,0x00000000e0000000,0x00000000f5c00000)
  from space 39424K, 53% used [0x00000000f5c00000,0x00000000f709f838,0x00000000f8280000)
  to   space 38400K, 0% used [0x00000000fa800000,0x00000000fa800000,0x00000000fcd80000)
 ParOldGen       total 203264K, used 66334K [0x00000000a0000000, 0x00000000ac680000, 0x00000000e0000000)
  object space 203264K, 32% used [0x00000000a0000000,0x00000000a40c7be8,0x00000000ac680000)
 Metaspace       used 93573K, capacity 98526K, committed 98600K, reserved 1134592K
  class space    used 12069K, capacity 13037K, committed 13096K, reserved 1048576K
Event: 2105.088 GC heap after
Heap after GC invocations=23 (full 4):
 PSYoungGen      total 395776K, used 0K [0x00000000e0000000, 0x00000000fcd80000, 0x0000000100000000)
  eden space 356352K, 0% used [0x00000000e0000000,0x00000000e0000000,0x00000000f5c00000)
  from space 39424K, 0% used [0x00000000f5c00000,0x00000000f5c00000,0x00000000f8280000)
  to   space 38400K, 0% used [0x00000000fa800000,0x00000000fa800000,0x00000000fcd80000)
 ParOldGen       total 203264K, used 59373K [0x00000000a0000000, 0x00000000ac680000, 0x00000000e0000000)
  object space 203264K, 29% used [0x00000000a0000000,0x00000000a39fb4e8,0x00000000ac680000)
 Metaspace       used 92993K, capacity 97074K, committed 98600K, reserved 1134592K
  class space    used 11906K, capacity 12671K, committed 13096K, reserved 1048576K
}
Event: 2107.575 GC heap before
{Heap before GC invocations=24 (full 4):
 PSYoungGen      total 395776K, used 356352K [0x00000000e0000000, 0x00000000fcd80000, 0x0000000100000000)
  eden space 356352K, 100% used [0x00000000e0000000,0x00000000f5c00000,0x00000000f5c00000)
  from space 39424K, 0% used [0x00000000f5c00000,0x00000000f5c00000,0x00000000f8280000)
  to   space 38400K, 0% used [0x00000000fa800000,0x00000000fa800000,0x00000000fcd80000)
 ParOldGen       total 203264K, used 59373K [0x00000000a0000000, 0x00000000ac680000, 0x00000000e0000000)
  object space 203264K, 29% used [0x00000000a0000000,0x00000000a39fb4e8,0x00000000ac680000)
 Metaspace       used 101558K, capacity 106942K, committed 107176K, reserved 1142784K
  class space    used 13174K, capacity 14151K, committed 14248K, reserved 1048576K
Event: 2107.611 GC heap after
Heap after GC invocations=24 (full 4):
 PSYoungGen      total 436224K, used 19315K [0x00000000e0000000, 0x00000000fd100000, 0x0000000100000000)
  eden space 397824K, 0% used [0x00000000e0000000,0x00000000e0000000,0x00000000f8480000)
  from space 38400K, 50% used [0x00000000fa800000,0x00000000fbadce30,0x00000000fcd80000)
  to   space 36352K, 0% used [0x00000000f8480000,0x00000000f8480000,0x00000000fa800000)
 ParOldGen       total 203264K, used 59381K [0x00000000a0000000, 0x00000000ac680000, 0x00000000e0000000)
  object space 203264K, 29% used [0x00000000a0000000,0x00000000a39fd4e8,0x00000000ac680000)
 Metaspace       used 101558K, capacity 106942K, committed 107176K, reserved 1142784K
  class space    used 13174K, capacity 14151K, committed 14248K, reserved 1048576K
}
Event: 2109.323 GC heap before
{Heap before GC invocations=25 (full 4):
 PSYoungGen      total 436224K, used 417139K [0x00000000e0000000, 0x00000000fd100000, 0x0000000100000000)
  eden space 397824K, 100% used [0x00000000e0000000,0x00000000f8480000,0x00000000f8480000)
  from space 38400K, 50% used [0x00000000fa800000,0x00000000fbadce30,0x00000000fcd80000)
  to   space 36352K, 0% used [0x00000000f8480000,0x00000000f8480000,0x00000000fa800000)
 ParOldGen       total 203264K, used 59381K [0x00000000a0000000, 0x00000000ac680000, 0x00000000e0000000)
  object space 203264K, 29% used [0x00000000a0000000,0x00000000a39fd4e8,0x00000000ac680000)
 Metaspace       used 102304K, capacity 107796K, committed 107944K, reserved 1142784K
  class space    used 13184K, capacity 14164K, committed 14248K, reserved 1048576K
Event: 2109.347 GC heap after
Heap after GC invocations=25 (full 4):
 PSYoungGen      total 434176K, used 14721K [0x00000000e0000000, 0x00000000fd100000, 0x0000000100000000)
  eden space 397824K, 0% used [0x00000000e0000000,0x00000000e0000000,0x00000000f8480000)
  from space 36352K, 40% used [0x00000000f8480000,0x00000000f92e0518,0x00000000fa800000)
  to   space 38400K, 0% used [0x00000000fa800000,0x00000000fa800000,0x00000000fcd80000)
 ParOldGen       total 203264K, used 59389K [0x00000000a0000000, 0x00000000ac680000, 0x00000000e0000000)
  object space 203264K, 29% used [0x00000000a0000000,0x00000000a39ff4e8,0x00000000ac680000)
 Metaspace       used 102304K, capacity 107796K, committed 107944K, reserved 1142784K
  class space    used 13184K, capacity 14164K, committed 14248K, reserved 1048576K
}

