# JRE version: OpenJDK Runtime Environment (8.0_242-b01) (build 1.8.0_242-release-1644-b01)
# Java VM: OpenJDK 64-Bit Server VM (25.242-b01 mixed mode windows-amd64 compressed oops)
Heap:
 PSYoungGen      total 371712K, used 92100K [0x00000000e0000000, 0x00000000ff100000, 0x0000000100000000)
  eden space 321024K, 12% used [0x00000000e0000000,0x00000000e2873f88,0x00000000f3980000)
  from space 50688K, 99% used [0x00000000f3980000,0x00000000f6afd2e0,0x00000000f6b00000)
  to   space 69120K, 0% used [0x00000000fad80000,0x00000000fad80000,0x00000000ff100000)
 ParOldGen       total 348160K, used 116207K [0x00000000a0000000, 0x00000000b5400000, 0x00000000e0000000)
  object space 348160K, 33% used [0x00000000a0000000,0x00000000a717be10,0x00000000b5400000)
 Metaspace       used 107266K, capacity 110926K, committed 112448K, reserved 1146880K
  class space    used 13776K, capacity 14510K, committed 14912K, reserved 1048576K
GC Heap History (10 events):
Event: 127.300 GC heap before
{Heap before GC invocations=17 (full 3):
 PSYoungGen      total 281088K, used 277456K [0x00000000e0000000, 0x00000000f5380000, 0x0000000100000000)
  eden space 259072K, 100% used [0x00000000e0000000,0x00000000efd00000,0x00000000efd00000)
  from space 22016K, 83% used [0x00000000efd00000,0x00000000f0ef4368,0x00000000f1280000)
  to   space 23552K, 0% used [0x00000000f3c80000,0x00000000f3c80000,0x00000000f5380000)
 ParOldGen       total 206336K, used 55482K [0x00000000a0000000, 0x00000000ac980000, 0x00000000e0000000)
  object space 206336K, 26% used [0x00000000a0000000,0x00000000a362eb28,0x00000000ac980000)
 Metaspace       used 82033K, capacity 85088K, committed 85248K, reserved 1124352K
  class space    used 10630K, capacity 11261K, committed 11264K, reserved 1048576K
Event: 127.325 GC heap after
Heap after GC invocations=17 (full 3):
 PSYoungGen      total 315904K, used 23534K [0x00000000e0000000, 0x00000000f5a80000, 0x0000000100000000)
  eden space 292352K, 0% used [0x00000000e0000000,0x00000000e0000000,0x00000000f1d80000)
  from space 23552K, 99% used [0x00000000f3c80000,0x00000000f537ba40,0x00000000f5380000)
  to   space 31232K, 0% used [0x00000000f1d80000,0x00000000f1d80000,0x00000000f3c00000)
 ParOldGen       total 206336K, used 67908K [0x00000000a0000000, 0x00000000ac980000, 0x00000000e0000000)
  object space 206336K, 32% used [0x00000000a0000000,0x00000000a42513d0,0x00000000ac980000)
 Metaspace       used 82033K, capacity 85088K, committed 85248K, reserved 1124352K
  class space    used 10630K, capacity 11261K, committed 11264K, reserved 1048576K
}
Event: 142.196 GC heap before
{Heap before GC invocations=18 (full 3):
 PSYoungGen      total 315904K, used 315292K [0x00000000e0000000, 0x00000000f5a80000, 0x0000000100000000)
  eden space 292352K, 99% used [0x00000000e0000000,0x00000000f1ceb690,0x00000000f1d80000)
  from space 23552K, 99% used [0x00000000f3c80000,0x00000000f537ba40,0x00000000f5380000)
  to   space 31232K, 0% used [0x00000000f1d80000,0x00000000f1d80000,0x00000000f3c00000)
 ParOldGen       total 206336K, used 67908K [0x00000000a0000000, 0x00000000ac980000, 0x00000000e0000000)
  object space 206336K, 32% used [0x00000000a0000000,0x00000000a42513d0,0x00000000ac980000)
 Metaspace       used 94034K, capacity 98462K, committed 98496K, reserved 1134592K
  class space    used 12381K, capacity 13216K, committed 13248K, reserved 1048576K
Event: 142.249 GC heap after
Heap after GC invocations=18 (full 3):
 PSYoungGen      total 323584K, used 31208K [0x00000000e0000000, 0x00000000f9880000, 0x0000000100000000)
  eden space 292352K, 0% used [0x00000000e0000000,0x00000000e0000000,0x00000000f1d80000)
  from space 31232K, 99% used [0x00000000f1d80000,0x00000000f3bfa010,0x00000000f3c00000)
  to   space 46592K, 0% used [0x00000000f6b00000,0x00000000f6b00000,0x00000000f9880000)
 ParOldGen       total 206336K, used 97373K [0x00000000a0000000, 0x00000000ac980000, 0x00000000e0000000)
  object space 206336K, 47% used [0x00000000a0000000,0x00000000a5f176d8,0x00000000ac980000)
 Metaspace       used 94034K, capacity 98462K, committed 98496K, reserved 1134592K
  class space    used 12381K, capacity 13216K, committed 13248K, reserved 1048576K
}
Event: 142.249 GC heap before
{Heap before GC invocations=19 (full 4):
 PSYoungGen      total 323584K, used 31208K [0x00000000e0000000, 0x00000000f9880000, 0x0000000100000000)
  eden space 292352K, 0% used [0x00000000e0000000,0x00000000e0000000,0x00000000f1d80000)
  from space 31232K, 99% used [0x00000000f1d80000,0x00000000f3bfa010,0x00000000f3c00000)
  to   space 46592K, 0% used [0x00000000f6b00000,0x00000000f6b00000,0x00000000f9880000)
 ParOldGen       total 206336K, used 97373K [0x00000000a0000000, 0x00000000ac980000, 0x00000000e0000000)
  object space 206336K, 47% used [0x00000000a0000000,0x00000000a5f176d8,0x00000000ac980000)
 Metaspace       used 94034K, capacity 98462K, committed 98496K, reserved 1134592K
  class space    used 12381K, capacity 13216K, committed 13248K, reserved 1048576K
Event: 142.514 GC heap after
Heap after GC invocations=19 (full 4):
 PSYoungGen      total 323584K, used 0K [0x00000000e0000000, 0x00000000f9880000, 0x0000000100000000)
  eden space 292352K, 0% used [0x00000000e0000000,0x00000000e0000000,0x00000000f1d80000)
  from space 31232K, 0% used [0x00000000f1d80000,0x00000000f1d80000,0x00000000f3c00000)
  to   space 46592K, 0% used [0x00000000f6b00000,0x00000000f6b00000,0x00000000f9880000)
 ParOldGen       total 348160K, used 87664K [0x00000000a0000000, 0x00000000b5400000, 0x00000000e0000000)
  object space 348160K, 25% used [0x00000000a0000000,0x00000000a559c380,0x00000000b5400000)
 Metaspace       used 93439K, capacity 96828K, committed 98496K, reserved 1134592K
  class space    used 12180K, capacity 12861K, committed 13248K, reserved 1048576K
}
Event: 144.256 GC heap before
{Heap before GC invocations=20 (full 4):
 PSYoungGen      total 323584K, used 292352K [0x00000000e0000000, 0x00000000f9880000, 0x0000000100000000)
  eden space 292352K, 100% used [0x00000000e0000000,0x00000000f1d80000,0x00000000f1d80000)
  from space 31232K, 0% used [0x00000000f1d80000,0x00000000f1d80000,0x00000000f3c00000)
  to   space 46592K, 0% used [0x00000000f6b00000,0x00000000f6b00000,0x00000000f9880000)
 ParOldGen       total 348160K, used 87664K [0x00000000a0000000, 0x00000000b5400000, 0x00000000e0000000)
  object space 348160K, 25% used [0x00000000a0000000,0x00000000a559c380,0x00000000b5400000)
 Metaspace       used 101527K, capacity 105068K, committed 106688K, reserved 1142784K
  class space    used 13122K, capacity 13837K, committed 14272K, reserved 1048576K
Event: 144.281 GC heap after
Heap after GC invocations=20 (full 4):
 PSYoungGen      total 367616K, used 38888K [0x00000000e0000000, 0x00000000faa80000, 0x0000000100000000)
  eden space 321024K, 0% used [0x00000000e0000000,0x00000000e0000000,0x00000000f3980000)
  from space 46592K, 83% used [0x00000000f6b00000,0x00000000f90fa040,0x00000000f9880000)
  to   space 50688K, 0% used [0x00000000f3980000,0x00000000f3980000,0x00000000f6b00000)
 ParOldGen       total 348160K, used 87672K [0x00000000a0000000, 0x00000000b5400000, 0x00000000e0000000)
  object space 348160K, 25% used [0x00000000a0000000,0x00000000a559e380,0x00000000b5400000)
 Metaspace       used 101527K, capacity 105068K, committed 106688K, reserved 1142784K
  class space    used 13122K, capacity 13837K, committed 14272K, reserved 1048576K
}
Event: 145.452 GC heap before
{Heap before GC invocations=21 (full 4):
 PSYoungGen      total 367616K, used 359912K [0x00000000e0000000, 0x00000000faa80000, 0x0000000100000000)
  eden space 321024K, 100% used [0x00000000e0000000,0x00000000f3980000,0x00000000f3980000)
  from space 46592K, 83% used [0x00000000f6b00000,0x00000000f90fa040,0x00000000f9880000)
  to   space 50688K, 0% used [0x00000000f3980000,0x00000000f3980000,0x00000000f6b00000)
 ParOldGen       total 348160K, used 87672K [0x00000000a0000000, 0x00000000b5400000, 0x00000000e0000000)
  object space 348160K, 25% used [0x00000000a0000000,0x00000000a559e380,0x00000000b5400000)
 Metaspace       used 107252K, capacity 110926K, committed 112448K, reserved 1146880K
  class space    used 13775K, capacity 14510K, committed 14912K, reserved 1048576K
Event: 145.508 GC heap after
Heap after GC invocations=21 (full 4):
 PSYoungGen      total 371712K, used 50676K [0x00000000e0000000, 0x00000000ff100000, 0x0000000100000000)
  eden space 321024K, 0% used [0x00000000e0000000,0x00000000e0000000,0x00000000f3980000)
  from space 50688K, 99% used [0x00000000f3980000,0x00000000f6afd2e0,0x00000000f6b00000)
  to   space 69120K, 0% used [0x00000000fad80000,0x00000000fad80000,0x00000000ff100000)
 ParOldGen       total 348160K, used 116207K [0x00000000a0000000, 0x00000000b5400000, 0x00000000e0000000)
  object space 348160K, 33% used [0x00000000a0000000,0x00000000a717be10,0x00000000b5400000)
 Metaspace       used 107252K, capacity 110926K, committed 112448K, reserved 1146880K
  class space    used 13775K, capacity 14510K, committed 14912K, reserved 1048576K
}

