# JRE version: OpenJDK Runtime Environment (8.0_242-b01) (build 1.8.0_242-release-1644-b01)
# Java VM: OpenJDK 64-Bit Server VM (25.242-b01 mixed mode windows-amd64 compressed oops)
Heap:
 PSYoungGen      total 258560K, used 41034K [0x00000000e0000000, 0x00000000f3f00000, 0x0000000100000000)
  eden space 233472K, 6% used [0x00000000e0000000,0x00000000e0f98b00,0x00000000ee400000)
  from space 25088K, 99% used [0x00000000ee400000,0x00000000efc79df0,0x00000000efc80000)
  to   space 29184K, 0% used [0x00000000f2280000,0x00000000f2280000,0x00000000f3f00000)
 ParOldGen       total 212992K, used 40930K [0x00000000a0000000, 0x00000000ad000000, 0x00000000e0000000)
  object space 212992K, 19% used [0x00000000a0000000,0x00000000a27f8ae0,0x00000000ad000000)
 Metaspace       used 81768K, capacity 85588K, committed 85800K, reserved 1124352K
  class space    used 10748K, capacity 11505K, committed 11560K, reserved 1048576K
GC Heap History (10 events):
Event: 12.996 GC heap before
{Heap before GC invocations=12 (full 2):
 PSYoungGen      total 204288K, used 39215K [0x00000000e0000000, 0x00000000ee780000, 0x0000000100000000)
  eden space 190464K, 13% used [0x00000000e0000000,0x00000000e18cec70,0x00000000eba00000)
  from space 13824K, 99% used [0x00000000eba00000,0x00000000ec77d300,0x00000000ec780000)
  to   space 18944K, 0% used [0x00000000ed500000,0x00000000ed500000,0x00000000ee780000)
 ParOldGen       total 147456K, used 28157K [0x00000000a0000000, 0x00000000a9000000, 0x00000000e0000000)
  object space 147456K, 19% used [0x00000000a0000000,0x00000000a1b7f400,0x00000000a9000000)
 Metaspace       used 57098K, capacity 59106K, committed 59160K, reserved 1099776K
  class space    used 7849K, capacity 8307K, committed 8360K, reserved 1048576K
Event: 13.011 GC heap after
Heap after GC invocations=12 (full 2):
 PSYoungGen      total 217088K, used 15409K [0x00000000e0000000, 0x00000000f1f80000, 0x0000000100000000)
  eden space 198144K, 0% used [0x00000000e0000000,0x00000000e0000000,0x00000000ec180000)
  from space 18944K, 81% used [0x00000000ed500000,0x00000000ee40c5a0,0x00000000ee780000)
  to   space 19968K, 0% used [0x00000000ec180000,0x00000000ec180000,0x00000000ed500000)
 ParOldGen       total 147456K, used 28165K [0x00000000a0000000, 0x00000000a9000000, 0x00000000e0000000)
  object space 147456K, 19% used [0x00000000a0000000,0x00000000a1b81400,0x00000000a9000000)
 Metaspace       used 57098K, capacity 59106K, committed 59160K, reserved 1099776K
  class space    used 7849K, capacity 8307K, committed 8360K, reserved 1048576K
}
Event: 13.011 GC heap before
{Heap before GC invocations=13 (full 3):
 PSYoungGen      total 217088K, used 15409K [0x00000000e0000000, 0x00000000f1f80000, 0x0000000100000000)
  eden space 198144K, 0% used [0x00000000e0000000,0x00000000e0000000,0x00000000ec180000)
  from space 18944K, 81% used [0x00000000ed500000,0x00000000ee40c5a0,0x00000000ee780000)
  to   space 19968K, 0% used [0x00000000ec180000,0x00000000ec180000,0x00000000ed500000)
 ParOldGen       total 147456K, used 28165K [0x00000000a0000000, 0x00000000a9000000, 0x00000000e0000000)
  object space 147456K, 19% used [0x00000000a0000000,0x00000000a1b81400,0x00000000a9000000)
 Metaspace       used 57098K, capacity 59106K, committed 59160K, reserved 1099776K
  class space    used 7849K, capacity 8307K, committed 8360K, reserved 1048576K
Event: 13.347 GC heap after
Heap after GC invocations=13 (full 3):
 PSYoungGen      total 217088K, used 0K [0x00000000e0000000, 0x00000000f1f80000, 0x0000000100000000)
  eden space 198144K, 0% used [0x00000000e0000000,0x00000000e0000000,0x00000000ec180000)
  from space 18944K, 0% used [0x00000000ed500000,0x00000000ed500000,0x00000000ee780000)
  to   space 19968K, 0% used [0x00000000ec180000,0x00000000ec180000,0x00000000ed500000)
 ParOldGen       total 212992K, used 32501K [0x00000000a0000000, 0x00000000ad000000, 0x00000000e0000000)
  object space 212992K, 15% used [0x00000000a0000000,0x00000000a1fbd568,0x00000000ad000000)
 Metaspace       used 57076K, capacity 59034K, committed 59160K, reserved 1099776K
  class space    used 7843K, capacity 8295K, committed 8360K, reserved 1048576K
}
Event: 15.576 GC heap before
{Heap before GC invocations=14 (full 3):
 PSYoungGen      total 217088K, used 198144K [0x00000000e0000000, 0x00000000f1f80000, 0x0000000100000000)
  eden space 198144K, 100% used [0x00000000e0000000,0x00000000ec180000,0x00000000ec180000)
  from space 18944K, 0% used [0x00000000ed500000,0x00000000ed500000,0x00000000ee780000)
  to   space 19968K, 0% used [0x00000000ec180000,0x00000000ec180000,0x00000000ed500000)
 ParOldGen       total 212992K, used 32501K [0x00000000a0000000, 0x00000000ad000000, 0x00000000e0000000)
  object space 212992K, 15% used [0x00000000a0000000,0x00000000a1fbd568,0x00000000ad000000)
 Metaspace       used 66024K, capacity 68784K, committed 68904K, reserved 1107968K
  class space    used 9145K, capacity 9672K, committed 9768K, reserved 1048576K
Event: 15.591 GC heap after
Heap after GC invocations=14 (full 3):
 PSYoungGen      total 218112K, used 15461K [0x00000000e0000000, 0x00000000f1080000, 0x0000000100000000)
  eden space 198144K, 0% used [0x00000000e0000000,0x00000000e0000000,0x00000000ec180000)
  from space 19968K, 77% used [0x00000000ec180000,0x00000000ed0996f8,0x00000000ed500000)
  to   space 20480K, 0% used [0x00000000efc80000,0x00000000efc80000,0x00000000f1080000)
 ParOldGen       total 212992K, used 32509K [0x00000000a0000000, 0x00000000ad000000, 0x00000000e0000000)
  object space 212992K, 15% used [0x00000000a0000000,0x00000000a1fbf568,0x00000000ad000000)
 Metaspace       used 66024K, capacity 68784K, committed 68904K, reserved 1107968K
  class space    used 9145K, capacity 9672K, committed 9768K, reserved 1048576K
}
Event: 17.671 GC heap before
{Heap before GC invocations=15 (full 3):
 PSYoungGen      total 218112K, used 213605K [0x00000000e0000000, 0x00000000f1080000, 0x0000000100000000)
  eden space 198144K, 100% used [0x00000000e0000000,0x00000000ec180000,0x00000000ec180000)
  from space 19968K, 77% used [0x00000000ec180000,0x00000000ed0996f8,0x00000000ed500000)
  to   space 20480K, 0% used [0x00000000efc80000,0x00000000efc80000,0x00000000f1080000)
 ParOldGen       total 212992K, used 32509K [0x00000000a0000000, 0x00000000ad000000, 0x00000000e0000000)
  object space 212992K, 15% used [0x00000000a0000000,0x00000000a1fbf568,0x00000000ad000000)
 Metaspace       used 74271K, capacity 77730K, committed 77864K, reserved 1116160K
  class space    used 10150K, capacity 10784K, committed 10792K, reserved 1048576K
Event: 17.694 GC heap after
Heap after GC invocations=15 (full 3):
 PSYoungGen      total 253952K, used 20476K [0x00000000e0000000, 0x00000000f1680000, 0x0000000100000000)
  eden space 233472K, 0% used [0x00000000e0000000,0x00000000e0000000,0x00000000ee400000)
  from space 20480K, 99% used [0x00000000efc80000,0x00000000f107f100,0x00000000f1080000)
  to   space 25088K, 0% used [0x00000000ee400000,0x00000000ee400000,0x00000000efc80000)
 ParOldGen       total 212992K, used 39053K [0x00000000a0000000, 0x00000000ad000000, 0x00000000e0000000)
  object space 212992K, 18% used [0x00000000a0000000,0x00000000a2623468,0x00000000ad000000)
 Metaspace       used 74271K, capacity 77730K, committed 77864K, reserved 1116160K
  class space    used 10150K, capacity 10784K, committed 10792K, reserved 1048576K
}
Event: 1993.025 GC heap before
{Heap before GC invocations=16 (full 3):
 PSYoungGen      total 253952K, used 253948K [0x00000000e0000000, 0x00000000f1680000, 0x0000000100000000)
  eden space 233472K, 100% used [0x00000000e0000000,0x00000000ee400000,0x00000000ee400000)
  from space 20480K, 99% used [0x00000000efc80000,0x00000000f107f100,0x00000000f1080000)
  to   space 25088K, 0% used [0x00000000ee400000,0x00000000ee400000,0x00000000efc80000)
 ParOldGen       total 212992K, used 39053K [0x00000000a0000000, 0x00000000ad000000, 0x00000000e0000000)
  object space 212992K, 18% used [0x00000000a0000000,0x00000000a2623468,0x00000000ad000000)
 Metaspace       used 81685K, capacity 85524K, committed 85800K, reserved 1124352K
  class space    used 10737K, capacity 11490K, committed 11560K, reserved 1048576K
Event: 1993.066 GC heap after
Heap after GC invocations=16 (full 3):
 PSYoungGen      total 258560K, used 25063K [0x00000000e0000000, 0x00000000f3f00000, 0x0000000100000000)
  eden space 233472K, 0% used [0x00000000e0000000,0x00000000e0000000,0x00000000ee400000)
  from space 25088K, 99% used [0x00000000ee400000,0x00000000efc79df0,0x00000000efc80000)
  to   space 29184K, 0% used [0x00000000f2280000,0x00000000f2280000,0x00000000f3f00000)
 ParOldGen       total 212992K, used 40930K [0x00000000a0000000, 0x00000000ad000000, 0x00000000e0000000)
  object space 212992K, 19% used [0x00000000a0000000,0x00000000a27f8ae0,0x00000000ad000000)
 Metaspace       used 81685K, capacity 85524K, committed 85800K, reserved 1124352K
  class space    used 10737K, capacity 11490K, committed 11560K, reserved 1048576K
}

