# JRE version: OpenJDK Runtime Environment (8.0_242-b01) (build 1.8.0_242-release-1644-b01)
# Java VM: OpenJDK 64-Bit Server VM (25.242-b01 mixed mode windows-amd64 compressed oops)
Heap:
 PSYoungGen      total 274944K, used 81425K [0x00000000e0000000, 0x00000000f4300000, 0x0000000100000000)
  eden space 240128K, 23% used [0x00000000e0000000,0x00000000e37e3740,0x00000000eea80000)
  from space 34816K, 69% used [0x00000000eea80000,0x00000000f0220e18,0x00000000f0c80000)
  to   space 35840K, 0% used [0x00000000f2000000,0x00000000f2000000,0x00000000f4300000)
 ParOldGen       total 349696K, used 67802K [0x00000000a0000000, 0x00000000b5580000, 0x00000000e0000000)
  object space 349696K, 19% used [0x00000000a0000000,0x00000000a4236ae0,0x00000000b5580000)
 Metaspace       used 107934K, capacity 113221K, committed 113320K, reserved 1153024K
  class space    used 14185K, capacity 15217K, committed 15272K, reserved 1048576K
GC Heap History (10 events):
Event: 17.443 GC heap before
{Heap before GC invocations=15 (full 3):
 PSYoungGen      total 225792K, used 220739K [0x00000000e0000000, 0x00000000f0900000, 0x0000000100000000)
  eden space 205824K, 100% used [0x00000000e0000000,0x00000000ec900000,0x00000000ec900000)
  from space 19968K, 74% used [0x00000000ec900000,0x00000000ed790f88,0x00000000edc80000)
  to   space 20480K, 0% used [0x00000000ef500000,0x00000000ef500000,0x00000000f0900000)
 ParOldGen       total 220672K, used 37847K [0x00000000a0000000, 0x00000000ad780000, 0x00000000e0000000)
  object space 220672K, 17% used [0x00000000a0000000,0x00000000a24f5f48,0x00000000ad780000)
 Metaspace       used 80282K, capacity 83790K, committed 84008K, reserved 1122304K
  class space    used 10765K, capacity 11456K, committed 11560K, reserved 1048576K
Event: 17.465 GC heap after
Heap after GC invocations=15 (full 3):
 PSYoungGen      total 244224K, used 20465K [0x00000000e0000000, 0x00000000f1300000, 0x0000000100000000)
  eden space 223744K, 0% used [0x00000000e0000000,0x00000000e0000000,0x00000000eda80000)
  from space 20480K, 99% used [0x00000000ef500000,0x00000000f08fc470,0x00000000f0900000)
  to   space 27136K, 0% used [0x00000000eda80000,0x00000000eda80000,0x00000000ef500000)
 ParOldGen       total 220672K, used 49329K [0x00000000a0000000, 0x00000000ad780000, 0x00000000e0000000)
  object space 220672K, 22% used [0x00000000a0000000,0x00000000a302c720,0x00000000ad780000)
 Metaspace       used 80282K, capacity 83790K, committed 84008K, reserved 1122304K
  class space    used 10765K, capacity 11456K, committed 11560K, reserved 1048576K
}
Event: 68.930 GC heap before
{Heap before GC invocations=16 (full 3):
 PSYoungGen      total 244224K, used 244209K [0x00000000e0000000, 0x00000000f1300000, 0x0000000100000000)
  eden space 223744K, 100% used [0x00000000e0000000,0x00000000eda80000,0x00000000eda80000)
  from space 20480K, 99% used [0x00000000ef500000,0x00000000f08fc470,0x00000000f0900000)
  to   space 27136K, 0% used [0x00000000eda80000,0x00000000eda80000,0x00000000ef500000)
 ParOldGen       total 220672K, used 49329K [0x00000000a0000000, 0x00000000ad780000, 0x00000000e0000000)
  object space 220672K, 22% used [0x00000000a0000000,0x00000000a302c720,0x00000000ad780000)
 Metaspace       used 88432K, capacity 92576K, committed 92840K, reserved 1130496K
  class space    used 11601K, capacity 12426K, committed 12456K, reserved 1048576K
Event: 68.957 GC heap after
Heap after GC invocations=16 (full 3):
 PSYoungGen      total 250880K, used 27108K [0x00000000e0000000, 0x00000000f3080000, 0x0000000100000000)
  eden space 223744K, 0% used [0x00000000e0000000,0x00000000e0000000,0x00000000eda80000)
  from space 27136K, 99% used [0x00000000eda80000,0x00000000ef4f91c0,0x00000000ef500000)
  to   space 34816K, 0% used [0x00000000f0e80000,0x00000000f0e80000,0x00000000f3080000)
 ParOldGen       total 220672K, used 59937K [0x00000000a0000000, 0x00000000ad780000, 0x00000000e0000000)
  object space 220672K, 27% used [0x00000000a0000000,0x00000000a3a886f8,0x00000000ad780000)
 Metaspace       used 88432K, capacity 92576K, committed 92840K, reserved 1130496K
  class space    used 11601K, capacity 12426K, committed 12456K, reserved 1048576K
}
Event: 77.545 GC heap before
{Heap before GC invocations=17 (full 3):
 PSYoungGen      total 250880K, used 207697K [0x00000000e0000000, 0x00000000f3080000, 0x0000000100000000)
  eden space 223744K, 80% used [0x00000000e0000000,0x00000000eb05b588,0x00000000eda80000)
  from space 27136K, 99% used [0x00000000eda80000,0x00000000ef4f91c0,0x00000000ef500000)
  to   space 34816K, 0% used [0x00000000f0e80000,0x00000000f0e80000,0x00000000f3080000)
 ParOldGen       total 220672K, used 59937K [0x00000000a0000000, 0x00000000ad780000, 0x00000000e0000000)
  object space 220672K, 27% used [0x00000000a0000000,0x00000000a3a886f8,0x00000000ad780000)
 Metaspace       used 94089K, capacity 98414K, committed 98600K, reserved 1134592K
  class space    used 12257K, capacity 13083K, committed 13096K, reserved 1048576K
Event: 77.568 GC heap after
Heap after GC invocations=17 (full 3):
 PSYoungGen      total 272896K, used 22104K [0x00000000e0000000, 0x00000000f2e80000, 0x0000000100000000)
  eden space 240128K, 0% used [0x00000000e0000000,0x00000000e0000000,0x00000000eea80000)
  from space 32768K, 67% used [0x00000000f0e80000,0x00000000f2416078,0x00000000f2e80000)
  to   space 34816K, 0% used [0x00000000eea80000,0x00000000eea80000,0x00000000f0c80000)
 ParOldGen       total 220672K, used 70312K [0x00000000a0000000, 0x00000000ad780000, 0x00000000e0000000)
  object space 220672K, 31% used [0x00000000a0000000,0x00000000a44aa210,0x00000000ad780000)
 Metaspace       used 94089K, capacity 98414K, committed 98600K, reserved 1134592K
  class space    used 12257K, capacity 13083K, committed 13096K, reserved 1048576K
}
Event: 77.568 GC heap before
{Heap before GC invocations=18 (full 4):
 PSYoungGen      total 272896K, used 22104K [0x00000000e0000000, 0x00000000f2e80000, 0x0000000100000000)
  eden space 240128K, 0% used [0x00000000e0000000,0x00000000e0000000,0x00000000eea80000)
  from space 32768K, 67% used [0x00000000f0e80000,0x00000000f2416078,0x00000000f2e80000)
  to   space 34816K, 0% used [0x00000000eea80000,0x00000000eea80000,0x00000000f0c80000)
 ParOldGen       total 220672K, used 70312K [0x00000000a0000000, 0x00000000ad780000, 0x00000000e0000000)
  object space 220672K, 31% used [0x00000000a0000000,0x00000000a44aa210,0x00000000ad780000)
 Metaspace       used 94089K, capacity 98414K, committed 98600K, reserved 1134592K
  class space    used 12257K, capacity 13083K, committed 13096K, reserved 1048576K
Event: 77.777 GC heap after
Heap after GC invocations=18 (full 4):
 PSYoungGen      total 272896K, used 0K [0x00000000e0000000, 0x00000000f2e80000, 0x0000000100000000)
  eden space 240128K, 0% used [0x00000000e0000000,0x00000000e0000000,0x00000000eea80000)
  from space 32768K, 0% used [0x00000000f0e80000,0x00000000f0e80000,0x00000000f2e80000)
  to   space 34816K, 0% used [0x00000000eea80000,0x00000000eea80000,0x00000000f0c80000)
 ParOldGen       total 349696K, used 67794K [0x00000000a0000000, 0x00000000b5580000, 0x00000000e0000000)
  object space 349696K, 19% used [0x00000000a0000000,0x00000000a4234ae0,0x00000000b5580000)
 Metaspace       used 93772K, capacity 97522K, committed 98600K, reserved 1134592K
  class space    used 12156K, capacity 12905K, committed 13096K, reserved 1048576K
}
Event: 89.527 GC heap before
{Heap before GC invocations=19 (full 4):
 PSYoungGen      total 272896K, used 240128K [0x00000000e0000000, 0x00000000f2e80000, 0x0000000100000000)
  eden space 240128K, 100% used [0x00000000e0000000,0x00000000eea80000,0x00000000eea80000)
  from space 32768K, 0% used [0x00000000f0e80000,0x00000000f0e80000,0x00000000f2e80000)
  to   space 34816K, 0% used [0x00000000eea80000,0x00000000eea80000,0x00000000f0c80000)
 ParOldGen       total 349696K, used 67794K [0x00000000a0000000, 0x00000000b5580000, 0x00000000e0000000)
  object space 349696K, 19% used [0x00000000a0000000,0x00000000a4234ae0,0x00000000b5580000)
 Metaspace       used 105178K, capacity 109830K, committed 109992K, reserved 1144832K
  class space    used 13787K, capacity 14729K, committed 14760K, reserved 1048576K
Event: 89.554 GC heap after
Heap after GC invocations=19 (full 4):
 PSYoungGen      total 274944K, used 24195K [0x00000000e0000000, 0x00000000f4300000, 0x0000000100000000)
  eden space 240128K, 0% used [0x00000000e0000000,0x00000000e0000000,0x00000000eea80000)
  from space 34816K, 69% used [0x00000000eea80000,0x00000000f0220e18,0x00000000f0c80000)
  to   space 35840K, 0% used [0x00000000f2000000,0x00000000f2000000,0x00000000f4300000)
 ParOldGen       total 349696K, used 67802K [0x00000000a0000000, 0x00000000b5580000, 0x00000000e0000000)
  object space 349696K, 19% used [0x00000000a0000000,0x00000000a4236ae0,0x00000000b5580000)
 Metaspace       used 105178K, capacity 109830K, committed 109992K, reserved 1144832K
  class space    used 13787K, capacity 14729K, committed 14760K, reserved 1048576K
}

